<?xml version="1.0" encoding="UTF-8"?>
<!-- Generated by org.testng.reporters.JUnitReportReporter -->
<testsuite skipped="0" hostname="FAI-BLR03L1099" name="com.qa.tests.ResultPageTest" tests="4" failures="0" timestamp="01 May 2019 07:30:39 GMT" time="169.863" errors="0">
  <testcase name="verifyFlightPrice_Test" time="48.890" classname="com.qa.tests.ResultPageTest"/>
  <testcase name="printTotalNumberOfNonStopFlights_Test" time="42.701" classname="com.qa.tests.ResultPageTest"/>
  <testcase name="printTotalNumberOfOneStopFlights_Test" time="40.030" classname="com.qa.tests.ResultPageTest"/>
  <testcase name="printTotalNumberOfFlights_Test" time="38.242" classname="com.qa.tests.ResultPageTest"/>
</testsuite> <!-- com.qa.tests.ResultPageTest -->
