<?xml version="1.0" encoding="UTF-8"?>
<!-- Generated by org.testng.reporters.JUnitReportReporter -->
<testsuite skipped="0" hostname="FAI-BLR03L1099" name="com.qa.tests.SearchPageTest" tests="1" failures="0" timestamp="01 May 2019 07:30:39 GMT" time="21.693" errors="0">
  <testcase name="searchForFlights_Test" time="21.693" classname="com.qa.tests.SearchPageTest"/>
</testsuite> <!-- com.qa.tests.SearchPageTest -->
